TN:
SF:C:\Users\laris\PROJETOS\teste-aubay\ng-shopping-cart-app\src\polyfills.ts
FNF:0
FNH:0
LF:0
LH:0
BRF:0
BRH:0
end_of_record
TN:
SF:C:\Users\laris\PROJETOS\teste-aubay\ng-shopping-cart-app\src\test.ts
FN:2,(anonymous_0)
FN:11,(anonymous_1)
FN:11,(anonymous_2)
FN:11,(anonymous_3)
FNF:4
FNH:1
FNDA:0,(anonymous_0)
FNDA:0,(anonymous_1)
FNDA:1,(anonymous_2)
FNDA:0,(anonymous_3)
DA:2,1
DA:3,0
DA:9,1
DA:11,1
DA:12,1
DA:14,1
LF:6
LH:5
BRDA:2,0,0,1
BRDA:2,0,1,0
BRDA:2,0,2,1
BRDA:3,1,0,0
BRDA:3,1,1,0
BRDA:3,2,0,0
BRDA:3,2,1,0
BRF:7
BRH:2
end_of_record
TN:
SF:C:\Users\laris\PROJETOS\teste-aubay\ng-shopping-cart-app\src\app\services\alert\alert.service.ts
FN:7,(anonymous_2)
FN:15,(anonymous_3)
FN:19,(anonymous_4)
FN:23,(anonymous_5)
FN:27,(anonymous_6)
FN:31,(anonymous_7)
FN:35,(anonymous_8)
FN:37,(anonymous_9)
FNF:8
FNH:8
FNDA:7,(anonymous_2)
FNDA:1,(anonymous_3)
FNDA:2,(anonymous_4)
FNDA:1,(anonymous_5)
FNDA:1,(anonymous_6)
FNDA:5,(anonymous_7)
FNDA:5,(anonymous_8)
FNDA:4,(anonymous_9)
DA:7,1
DA:8,7
DA:13,7
DA:16,1
DA:20,2
DA:24,1
DA:28,1
DA:32,5
DA:36,5
DA:37,5
LF:10
LH:10
BRF:0
BRH:0
end_of_record
