TN:
SF:C:\Users\laris\PROJETOS\teste-aubay\ng-shopping-cart-app\src\polyfills.ts
FNF:0
FNH:0
LF:0
LH:0
BRF:0
BRH:0
end_of_record
TN:
SF:C:\Users\laris\PROJETOS\teste-aubay\ng-shopping-cart-app\src\test.ts
FNF:0
FNH:0
DA:13,1
DA:18,1
DA:20,1
LF:3
LH:3
BRF:0
BRH:0
end_of_record
TN:
SF:C:\Users\laris\PROJETOS\teste-aubay\ng-shopping-cart-app\src\app\app.component.ts
FN:11,(anonymous_3)
FNF:1
FNH:1
FNDA:2,(anonymous_3)
DA:8,1
DA:9,2
LF:2
LH:2
BRF:0
BRH:0
end_of_record
TN:
SF:C:\Users\laris\PROJETOS\teste-aubay\ng-shopping-cart-app\src\app\components\alert\alert.component.ts
FN:12,(anonymous_3)
FN:14,(anonymous_4)
FN:16,(anonymous_5)
FNF:3
FNH:3
FNDA:2,(anonymous_3)
FNDA:2,(anonymous_4)
FNDA:1,(anonymous_5)
DA:9,1
DA:10,2
DA:12,2
DA:17,1
LF:4
LH:4
BRF:0
BRH:0
end_of_record
TN:
SF:C:\Users\laris\PROJETOS\teste-aubay\ng-shopping-cart-app\src\app\components\cart\cart.component.ts
FN:21,(anonymous_3)
FN:16,(anonymous_4)
FN:23,(anonymous_5)
FN:27,(anonymous_6)
FN:31,(anonymous_7)
FNF:5
FNH:5
FNDA:6,(anonymous_3)
FNDA:2,(anonymous_4)
FNDA:1,(anonymous_5)
FNDA:1,(anonymous_6)
FNDA:1,(anonymous_7)
DA:11,1
DA:12,6
DA:13,6
DA:14,6
DA:15,6
DA:16,6
DA:18,6
DA:19,6
DA:21,6
DA:24,1
DA:28,1
DA:32,1
LF:12
LH:12
BRF:0
BRH:0
end_of_record
TN:
SF:C:\Users\laris\PROJETOS\teste-aubay\ng-shopping-cart-app\src\app\components\navbar\navbar.component.ts
FN:9,(anonymous_2)
FNF:1
FNH:1
FNDA:2,(anonymous_2)
DA:9,1
DA:10,2
LF:2
LH:2
BRF:0
BRH:0
end_of_record
TN:
SF:C:\Users\laris\PROJETOS\teste-aubay\ng-shopping-cart-app\src\app\components\product-form\product-form.component.ts
FN:12,(anonymous_3)
FN:18,(anonymous_4)
FN:27,(anonymous_5)
FN:44,(anonymous_6)
FN:48,(anonymous_7)
FN:52,(anonymous_8)
FN:56,(anonymous_9)
FNF:7
FNH:7
FNDA:8,(anonymous_3)
FNDA:9,(anonymous_4)
FNDA:3,(anonymous_5)
FNDA:1,(anonymous_6)
FNDA:1,(anonymous_7)
FNDA:1,(anonymous_8)
FNDA:2,(anonymous_9)
DA:11,1
DA:13,8
DA:14,8
DA:15,8
DA:20,8
DA:28,3
DA:29,1
DA:30,1
DA:33,2
DA:38,2
DA:43,2
DA:45,1
DA:46,1
DA:48,1
DA:53,1
DA:57,2
DA:58,2
LF:17
LH:17
BRDA:28,0,0,1
BRDA:28,0,1,2
BRDA:58,1,0,2
BRDA:58,1,1,1
BRDA:58,2,0,0
BRDA:58,2,1,2
BRDA:58,3,0,2
BRDA:58,3,1,2
BRDA:58,4,0,0
BRDA:58,4,1,1
BRDA:58,5,0,1
BRDA:58,5,1,1
BRF:12
BRH:10
end_of_record
TN:
SF:C:\Users\laris\PROJETOS\teste-aubay\ng-shopping-cart-app\src\app\components\product-item\product-item.component.ts
FN:22,(anonymous_3)
FN:24,(anonymous_4)
FN:28,(anonymous_5)
FN:32,(anonymous_6)
FN:36,(anonymous_7)
FN:37,(anonymous_8)
FN:42,(anonymous_9)
FN:47,(anonymous_10)
FN:52,(anonymous_11)
FN:62,(anonymous_12)
FNF:10
FNH:10
FNDA:7,(anonymous_3)
FNDA:1,(anonymous_4)
FNDA:7,(anonymous_5)
FNDA:7,(anonymous_6)
FNDA:8,(anonymous_7)
FNDA:1,(anonymous_8)
FNDA:1,(anonymous_9)
FNDA:1,(anonymous_10)
FNDA:2,(anonymous_11)
FNDA:7,(anonymous_12)
DA:13,1
DA:14,1
DA:16,7
DA:18,7
DA:20,7
DA:22,7
DA:25,1
DA:29,7
DA:33,7
DA:37,8
DA:38,8
DA:43,1
DA:44,1
DA:48,1
DA:49,1
DA:53,2
DA:54,1
DA:55,1
DA:57,1
DA:58,1
DA:63,7
DA:64,7
LF:22
LH:22
BRDA:38,0,0,1
BRDA:38,0,1,7
BRDA:53,1,0,1
BRDA:53,1,1,1
BRF:4
BRH:4
end_of_record
TN:
SF:C:\Users\laris\PROJETOS\teste-aubay\ng-shopping-cart-app\src\app\components\sort\sort.component.ts
FN:16,(anonymous_3)
FN:18,(anonymous_4)
FN:22,(anonymous_5)
FN:27,(anonymous_6)
FNF:4
FNH:4
FNDA:5,(anonymous_3)
FNDA:2,(anonymous_4)
FNDA:1,(anonymous_5)
FNDA:1,(anonymous_6)
DA:12,1
DA:14,5
DA:16,5
DA:19,2
DA:23,1
DA:24,1
DA:28,1
DA:29,1
LF:8
LH:8
BRF:0
BRH:0
end_of_record
TN:
SF:C:\Users\laris\PROJETOS\teste-aubay\ng-shopping-cart-app\src\app\core\constants\assets.constants.ts
FNF:0
FNH:0
DA:1,1
LF:1
LH:1
BRF:0
BRH:0
end_of_record
TN:
SF:C:\Users\laris\PROJETOS\teste-aubay\ng-shopping-cart-app\src\app\services\alert\alert.service.ts
FN:7,(anonymous_2)
FN:15,(anonymous_3)
FN:19,(anonymous_4)
FN:23,(anonymous_5)
FN:27,(anonymous_6)
FN:31,(anonymous_7)
FN:35,(anonymous_8)
FN:37,(anonymous_9)
FNF:8
FNH:8
FNDA:7,(anonymous_2)
FNDA:1,(anonymous_3)
FNDA:2,(anonymous_4)
FNDA:1,(anonymous_5)
FNDA:1,(anonymous_6)
FNDA:5,(anonymous_7)
FNDA:5,(anonymous_8)
FNDA:4,(anonymous_9)
DA:7,1
DA:8,7
DA:13,7
DA:16,1
DA:20,2
DA:24,1
DA:28,1
DA:32,5
DA:36,5
DA:37,5
LF:10
LH:10
BRF:0
BRH:0
end_of_record
TN:
SF:C:\Users\laris\PROJETOS\teste-aubay\ng-shopping-cart-app\src\app\services\cart\cart.service.ts
FN:13,(anonymous_3)
FN:16,(anonymous_4)
FN:20,(anonymous_5)
FN:24,(anonymous_6)
FN:29,(anonymous_7)
FN:31,(anonymous_8)
FN:50,(anonymous_9)
FN:51,(anonymous_10)
FN:55,(anonymous_11)
FN:61,(anonymous_12)
FN:68,(anonymous_13)
FN:70,(anonymous_14)
FN:70,(anonymous_15)
FN:74,(anonymous_16)
FN:76,(anonymous_17)
FN:78,(anonymous_18)
FN:85,(anonymous_19)
FN:90,(anonymous_20)
FN:94,(anonymous_21)
FN:100,(anonymous_22)
FNF:20
FNH:20
FNDA:11,(anonymous_3)
FNDA:17,(anonymous_4)
FNDA:2,(anonymous_5)
FNDA:17,(anonymous_6)
FNDA:14,(anonymous_7)
FNDA:6,(anonymous_8)
FNDA:2,(anonymous_9)
FNDA:3,(anonymous_10)
FNDA:2,(anonymous_11)
FNDA:1,(anonymous_12)
FNDA:1,(anonymous_13)
FNDA:4,(anonymous_14)
FNDA:4,(anonymous_15)
FNDA:1,(anonymous_16)
FNDA:4,(anonymous_17)
FNDA:4,(anonymous_18)
FNDA:1,(anonymous_19)
FNDA:17,(anonymous_20)
FNDA:11,(anonymous_21)
FNDA:1,(anonymous_22)
DA:10,1
DA:11,11
DA:17,17
DA:21,2
DA:25,17
DA:26,17
DA:30,14
DA:31,14
DA:33,14
DA:34,3
DA:39,11
DA:47,14
DA:51,3
DA:52,2
DA:56,2
DA:57,1
DA:58,1
DA:61,1
DA:62,1
DA:65,1
DA:69,1
DA:70,4
DA:75,1
DA:77,4
DA:78,4
DA:86,1
DA:87,1
DA:91,17
DA:95,11
DA:96,11
DA:101,1
DA:102,1
LF:32
LH:32
BRDA:33,0,0,3
BRDA:33,0,1,11
BRDA:56,1,0,1
BRDA:56,1,1,1
BRDA:62,2,0,1
BRDA:62,2,1,0
BRDA:96,3,0,1
BRDA:96,3,1,10
BRF:8
BRH:7
end_of_record
TN:
SF:C:\Users\laris\PROJETOS\teste-aubay\ng-shopping-cart-app\src\app\services\products\products.service.ts
FN:28,(anonymous_3)
FN:20,(anonymous_4)
FN:22,(anonymous_5)
FN:32,(anonymous_6)
FN:34,(anonymous_7)
FN:35,(anonymous_8)
FN:39,(anonymous_9)
FN:43,(anonymous_10)
FN:47,(anonymous_11)
FN:51,(anonymous_12)
FN:54,(anonymous_13)
FN:57,(anonymous_14)
FN:60,(anonymous_15)
FN:63,(anonymous_16)
FN:66,(anonymous_17)
FNF:15
FNH:15
FNDA:9,(anonymous_3)
FNDA:6,(anonymous_4)
FNDA:2,(anonymous_5)
FNDA:13,(anonymous_6)
FNDA:12,(anonymous_7)
FNDA:1,(anonymous_8)
FNDA:2,(anonymous_9)
FNDA:1,(anonymous_10)
FNDA:1,(anonymous_11)
FNDA:1,(anonymous_12)
FNDA:1,(anonymous_13)
FNDA:1,(anonymous_14)
FNDA:1,(anonymous_15)
FNDA:1,(anonymous_16)
FNDA:1,(anonymous_17)
DA:9,1
DA:10,9
DA:12,9
DA:13,9
DA:16,9
DA:21,6
DA:22,2
DA:23,2
DA:28,9
DA:29,9
DA:33,13
DA:34,12
DA:35,1
DA:40,2
DA:44,1
DA:48,1
DA:52,1
DA:54,1
DA:58,1
DA:60,1
DA:64,1
DA:66,1
LF:22
LH:22
BRDA:21,0,0,4
BRDA:21,0,1,2
BRDA:23,1,0,1
BRDA:23,1,1,1
BRF:4
BRH:4
end_of_record
TN:
SF:C:\Users\laris\PROJETOS\teste-aubay\ng-shopping-cart-app\src\app\services\viewport\viewport.service.ts
FN:8,(anonymous_2)
FN:13,(anonymous_3)
FNF:2
FNH:2
FNDA:2,(anonymous_2)
FNDA:1,(anonymous_3)
DA:8,1
DA:10,2
DA:12,2
DA:13,1
LF:4
LH:4
BRF:0
BRH:0
end_of_record
TN:
SF:C:\Users\laris\PROJETOS\teste-aubay\ng-shopping-cart-app\src\app\views\home\home.component.ts
FN:19,(anonymous_3)
FN:24,(anonymous_4)
FNF:2
FNH:2
FNDA:3,(anonymous_3)
FNDA:1,(anonymous_4)
DA:12,1
DA:13,3
DA:15,3
DA:17,3
DA:20,3
DA:21,3
DA:25,1
LF:7
LH:7
BRF:0
BRH:0
end_of_record
TN:
SF:C:\Users\laris\PROJETOS\teste-aubay\ng-shopping-cart-app\src\app\views\not-found\not-found.component.ts
FN:10,(anonymous_3)
FN:12,(anonymous_4)
FNF:2
FNH:2
FNDA:1,(anonymous_3)
FNDA:1,(anonymous_4)
DA:8,1
LF:1
LH:1
BRF:0
BRH:0
end_of_record
TN:
SF:C:\Users\laris\PROJETOS\teste-aubay\ng-shopping-cart-app\src\environments\environment.ts
FNF:0
FNH:0
DA:1,1
LF:1
LH:1
BRF:0
BRH:0
end_of_record
